eMUMenu/build/outputs/proguard/release/seeds.txt
edu.emuapps.emuapplite.AlarmReceiver
edu.emuapps.emuapplite.AlarmReceiver: AlarmReceiver()
edu.emuapps.emuapplite.MenuActivity
edu.emuapps.emuapplite.MenuActivity: MenuActivity()
edu.emuapps.emuapplite.MenuActivity: void favorite(android.view.View)
edu.emuapps.emuapplite.MenuActivity$TrackerName: edu.emuapps.emuapplite.MenuActivity$TrackerName[] values()
edu.emuapps.emuapplite.MenuActivity$TrackerName: edu.emuapps.emuapplite.MenuActivity$TrackerName valueOf(java.lang.String)
edu.emuapps.emuapplite.R$anim: int abc_fade_in
edu.emuapps.emuapplite.R$anim: int abc_fade_out
edu.emuapps.emuapplite.R$anim: int abc_slide_in_bottom
edu.emuapps.emuapplite.R$anim: int abc_slide_in_top
edu.emuapps.emuapplite.R$anim: int abc_slide_out_bottom
edu.emuapps.emuapplite.R$anim: int abc_slide_out_top
edu.emuapps.emuapplite.R$array: int business_times
edu.emuapps.emuapplite.R$array: int caf_times
edu.emuapps.emuapplite.R$array: int cg_times
edu.emuapps.emuapplite.R$array: int combos_snacks
edu.emuapps.emuapplite.R$array: int common_g_list
edu.emuapps.emuapplite.R$array: int days_list
edu.emuapps.emuapplite.R$array: int den_breakfast
edu.emuapps.emuapplite.R$array: int den_fryer
edu.emuapps.emuapplite.R$array: int den_list
edu.emuapps.emuapplite.R$array: int den_pizza
edu.emuapps.emuapplite.R$array: int den_sandwiches
edu.emuapps.emuapplite.R$array: int den_subs
edu.emuapps.emuapplite.R$array: int den_times
edu.emuapps.emuapplite.R$array: int den_wraps
edu.emuapps.emuapplite.R$array: int drinks
edu.emuapps.emuapplite.R$array: int favorites_title
edu.emuapps.emuapplite.R$array: int fit_times
edu.emuapps.emuapplite.R$array: int food
edu.emuapps.emuapplite.R$array: int gameroom_times
edu.emuapps.emuapplite.R$array: int lib_times
edu.emuapps.emuapplite.R$array: int navigation_list
edu.emuapps.emuapplite.R$array: int place_list
edu.emuapps.emuapplite.R$array: int post_times
edu.emuapps.emuapplite.R$array: int smoothies
edu.emuapps.emuapplite.R$attr: int actionBarDivider
edu.emuapps.emuapplite.R$attr: int actionBarItemBackground
edu.emuapps.emuapplite.R$attr: int actionBarSize
edu.emuapps.emuapplite.R$attr: int actionBarSplitStyle
edu.emuapps.emuapplite.R$attr: int actionBarStyle
edu.emuapps.emuapplite.R$attr: int actionBarTabBarStyle
edu.emuapps.emuapplite.R$attr: int actionBarTabStyle
edu.emuapps.emuapplite.R$attr: int actionBarTabTextStyle
edu.emuapps.emuapplite.R$attr: int actionBarWidgetTheme
edu.emuapps.emuapplite.R$attr: int actionButtonStyle
edu.emuapps.emuapplite.R$attr: int actionDropDownStyle
edu.emuapps.emuapplite.R$attr: int actionLayout
edu.emuapps.emuapplite.R$attr: int actionMenuTextAppearance
edu.emuapps.emuapplite.R$attr: int actionMenuTextColor
edu.emuapps.emuapplite.R$attr: int actionModeBackground
edu.emuapps.emuapplite.R$attr: int actionModeCloseButtonStyle
edu.emuapps.emuapplite.R$attr: int actionModeCloseDrawable
edu.emuapps.emuapplite.R$attr: int actionModeCopyDrawable
edu.emuapps.emuapplite.R$attr: int actionModeCutDrawable
edu.emuapps.emuapplite.R$attr: int actionModeFindDrawable
edu.emuapps.emuapplite.R$attr: int actionModePasteDrawable
edu.emuapps.emuapplite.R$attr: int actionModePopupWindowStyle
edu.emuapps.emuapplite.R$attr: int actionModeSelectAllDrawable
edu.emuapps.emuapplite.R$attr: int actionModeShareDrawable
edu.emuapps.emuapplite.R$attr: int actionModeSplitBackground
edu.emuapps.emuapplite.R$attr: int actionModeStyle
edu.emuapps.emuapplite.R$bool: int abc_action_bar_embed_tabs_pre_jb
edu.emuapps.emuapplite.R$bool: int abc_action_bar_expanded_action_views_exclusive
edu.emuapps.emuapplite.R$bool: int abc_config_actionMenuItemAllCaps
edu.emuapps.emuapplite.R$bool: int abc_config_allowActionMenuItemTextWithIcon
edu.emuapps.emuapplite.R$bool: int abc_config_showMenuShortcutsWhenKeyboardPresent
edu.emuapps.emuapplite.R$bool: int abc_split_action_bar_is_narrow
...
com.google.android.gms.drive.internal.SetResourceParentsRequest
com.google.android.gms.drive.internal.SetResourceParentsRequest: android.os.Parcelable$Creator CREATOR
com.google.android.gms.drive.internal.TrashResourceRequest
com.google.android.gms.drive.internal.TrashResourceRequest: android.os.Parcelable$Creator CREATOR
com.google.android.gms.drive.internal.UpdateMetadataRequest
com.google.android.gms.drive.internal.UpdateMetadataRequest: android.os.Parcelable$Creator CREATOR
com.google.android.gms.drive.metadata.CustomPropertyKey
com.google.android.gms.drive.metadata.CustomPropertyKey: android.os.Parcelable$Creator CREATOR
com.google.android.gms.drive.metadata.internal.AppVisibleCustomProperties
com.google.android.gms.drive.metadata.internal.AppVisibleCustomProperties: android.os.Parcelable$Creator CREATOR
com.google.android.gms.drive.metadata.internal.CustomProperty
com.google.android.gms.drive.metadata.internal.CustomProperty: android.os.Parcelable$Creator CREATOR
com.google.android.gms.drive.metadata.internal.MetadataBundle
com.google.android.gms.drive.metadata.internal.MetadataBundle: android.os.Parcelable$Creator CREATOR
com.google.android.gms.drive.query.Query
com.google.android.gms.drive.query.Query: android.os.Parcelable$Creator CREATOR
com.google.android.gms.drive.query.SortOrder
com.google.android.gms.drive.query.SortOrder: android.os.Parcelable$Creator CREATOR
com.google.android.gms.drive.query.internal.ComparisonFilter
com.google.android.gms.drive.query.internal.ComparisonFilter: com.google.android.gms.drive.query.internal.a CREATOR
com.google.android.gms.drive.query.internal.FieldOnlyFilter
com.google.android.gms.drive.query.internal.FieldOnlyFilter: android.os.Parcelable$Creator CREATOR
com.google.android.gms.drive.query.internal.FieldWithSortOrder
com.google.android.gms.drive.query.internal.FieldWithSortOrder: com.google.android.gms.drive.query.internal.c CREATOR
com.google.android.gms.drive.query.internal.FilterHolder
com.google.android.gms.drive.query.internal.FilterHolder: android.os.Parcelable$Creator CREATOR
com.google.android.gms.drive.query.internal.HasFilter
com.google.android.gms.drive.query.internal.HasFilter: com.google.android.gms.drive.query.internal.f CREATOR
com.google.android.gms.drive.query.internal.InFilter
com.google.android.gms.drive.query.internal.InFilter: com.google.android.gms.drive.query.internal.g CREATOR
com.google.android.gms.drive.query.internal.LogicalFilter
com.google.android.gms.drive.query.internal.LogicalFilter: android.os.Parcelable$Creator CREATOR
com.google.android.gms.drive.query.internal.MatchAllFilter
com.google.android.gms.drive.query.internal.MatchAllFilter: com.google.android.gms.drive.query.internal.i CREATOR
com.google.android.gms.drive.query.internal.NotFilter
com.google.android.gms.drive.query.internal.NotFilter: android.os.Parcelable$Creator CREATOR
com.google.android.gms.drive.query.internal.Operator
com.google.android.gms.drive.query.internal.Operator: android.os.Parcelable$Creator CREATOR
com.google.android.gms.drive.realtime.internal.BeginCompoundOperationRequest
com.google.android.gms.drive.realtime.internal.BeginCompoundOperationRequest: android.os.Parcelable$Creator CREATOR
com.google.android.gms.drive.realtime.internal.EndCompoundOperationRequest
com.google.android.gms.drive.realtime.internal.EndCompoundOperationRequest: android.os.Parcelable$Creator CREATOR
com.google.android.gms.drive.realtime.internal.ParcelableCollaborator
com.google.android.gms.drive.realtime.internal.ParcelableCollaborator: android.os.Parcelable$Creator CREATOR
com.google.android.gms.drive.realtime.internal.ParcelableIndexReference
com.google.android.gms.drive.realtime.internal.ParcelableIndexReference: android.os.Parcelable$Creator CREATOR
com.google.android.gms.drive.realtime.internal.event.ParcelableEvent
com.google.android.gms.drive.realtime.internal.event.ParcelableEvent: android.os.Parcelable$Creator CREATOR