eMUMenu/build/outputs/proguard/release/mapping.txt
edu.emuapps.emuapplite.AlarmReceiver -> edu.emuapps.emuapplite.AlarmReceiver:
    void onReceive(android.content.Context,android.content.Intent) -> onReceive
edu.emuapps.emuapplite.AlarmSetter -> edu.emuapps.emuapplite.a:
    edu.emuapps.emuapplite.StorageManager sm -> a
    android.content.Context ct -> b
    void setNotifications(org.jsoup.nodes.Element) -> a
edu.emuapps.emuapplite.MenuActivity -> edu.emuapps.emuapplite.MenuActivity:
    int mode -> q
    android.support.v4.view.ViewPager pager -> r
    android.content.Context mContext -> s
    boolean refreshVisible -> t
    org.jsoup.nodes.Element mealData -> u
    java.lang.String URL -> v
    java.lang.String[] titles -> w
    android.support.v4.widget.DrawerLayout mDrawerLayout -> x
    android.widget.ListView mDrawerList -> y
    android.support.v4.app.ActionBarDrawerToggle mDrawerToggle -> z
    edu.emuapps.emuapplite.StorageManager sm -> A
    edu.emuapps.emuapplite.MenuPagerAdapter adapter -> o
    edu.emuapps.emuapplite.AlarmSetter as -> B
    java.util.HashMap mTrackers -> p
    void onCreate(android.os.Bundle) -> onCreate
    com.google.android.gms.analytics.Tracker getTracker(edu.emuapps.emuapplite.MenuActivity$TrackerName) -> a
    void sendAnalytics() -> i
    void onPostCreate(android.os.Bundle) -> onPostCreate
    void loadCaf() -> j
    java.util.ArrayList getMealData(int,int) -> a
    void favorite(android.view.View) -> favorite
    java.util.List getItems(int) -> b
    java.util.ArrayList cafeteria() -> k
    java.util.ArrayList royalsDen() -> l
    java.util.ArrayList commonGrounds() -> m
    java.util.ArrayList hours() -> n
    java.util.List favs() -> o
    void onConfigurationChanged(android.content.res.Configuration) -> onConfigurationChanged
    void selectItem(int) -> c
    void populatePager(int) -> d
edu.emuapps.emuapplite.MenuActivity$1 -> edu.emuapps.emuapplite.b:
    edu.emuapps.emuapplite.MenuActivity this$0 -> a
    void onDrawerClosed(android.view.View) -> b
    void onDrawerOpened(android.view.View) -> a
edu.emuapps.emuapplite.MenuActivity$DrawerItemClickListener -> edu.emuapps.emuapplite.c:
    edu.emuapps.emuapplite.MenuActivity this$0 -> a
    void onItemClick(android.widget.AdapterView,android.view.View,int,long) -> onItemClick
edu.emuapps.emuapplite.MenuActivity$TrackerName -> edu.emuapps.emuapplite.d:
    edu.emuapps.emuapplite.MenuActivity$TrackerName APP_TRACKER -> a
    edu.emuapps.emuapplite.MenuActivity$TrackerName[] $VALUES -> b
    edu.emuapps.emuapplite.MenuActivity$TrackerName[] values() -> values
    edu.emuapps.emuapplite.MenuActivity$TrackerName valueOf(java.lang.String) -> valueOf
edu.emuapps.emuapplite.MenuActivity$getDoc -> edu.emuapps.emuapplite.e:
    android.app.ProgressDialog dialog -> a
    edu.emuapps.emuapplite.MenuActivity this$0 -> b
    void onPreExecute() -> onPreExecute
    java.lang.Boolean doInBackground(java.lang.String[]) -> a
    void onPostExecute(java.lang.Boolean) -> a
    void onPostExecute(java.lang.Object) -> onPostExecute
    java.lang.Object doInBackground(java.lang.Object[]) -> doInBackground
edu.emuapps.emuapplite.MenuActivity$getDoc$1 -> edu.emuapps.emuapplite.f:
    edu.emuapps.emuapplite.MenuActivity$getDoc this$1 -> a
    void onClick(android.content.DialogInterface,int) -> onClick
edu.emuapps.emuapplite.MenuActivity$getDoc$2 -> edu.emuapps.emuapplite.g:
    edu.emuapps.emuapplite.MenuActivity$getDoc this$1 -> a
    void onClick(android.content.DialogInterface,int) -> onClick
edu.emuapps.emuapplite.MenuListAdapter -> edu.emuapps.emuapplite.h:
    java.util.List items -> a
    java.util.List favs -> b
    android.content.Context mContext -> c
    android.view.LayoutInflater mInflater -> d
    int mode -> e
    int getCount() -> getCount
    java.lang.Object getItem(int) -> getItem
    long getItemId(int) -> getItemId
    android.view.View getView(int,android.view.View,android.view.ViewGroup) -> getView
...
android.support.v4.app.ActivityCompatJB -> android.support.v4.app.o:
    void finishAffinity(android.app.Activity) -> a
android.support.v4.app.BackStackRecord -> android.support.v4.app.p:
    android.support.v4.app.FragmentManagerImpl mManager -> a
    android.support.v4.app.BackStackRecord$Op mHead -> b
    android.support.v4.app.BackStackRecord$Op mTail -> c
    int mNumOp -> d
    int mEnterAnim -> e
    int mExitAnim -> f
    int mPopEnterAnim -> g
    int mPopExitAnim -> h
    int mTransition -> i
    int mTransitionStyle -> j
    boolean mAddToBackStack -> k
    boolean mAllowAddToBackStack -> l
    java.lang.String mName -> m
    boolean mCommitted -> n
    int mIndex -> o
    int mBreadCrumbTitleRes -> p
    java.lang.CharSequence mBreadCrumbTitleText -> q
    int mBreadCrumbShortTitleRes -> r
    java.lang.CharSequence mBreadCrumbShortTitleText -> s
    java.lang.String toString() -> toString
    void dump(java.lang.String,java.io.FileDescriptor,java.io.PrintWriter,java.lang.String[]) -> a
    void dump(java.lang.String,java.io.PrintWriter,boolean) -> a
    void addOp(android.support.v4.app.BackStackRecord$Op) -> a
    android.support.v4.app.FragmentTransaction add(int,android.support.v4.app.Fragment,java.lang.String) -> a
    void doAddOp(int,android.support.v4.app.Fragment,java.lang.String,int) -> a
    android.support.v4.app.FragmentTransaction detach(android.support.v4.app.Fragment) -> a
    android.support.v4.app.FragmentTransaction attach(android.support.v4.app.Fragment) -> b
    void bumpBackStackNesting(int) -> a
    int commit() -> a
    int commitInternal(boolean) -> a
android.support.v4.app.BackStackRecord$Op -> android.support.v4.app.q:
    android.support.v4.app.BackStackRecord$Op next -> a
    android.support.v4.app.BackStackRecord$Op prev -> b
    int cmd -> c
    android.support.v4.app.Fragment fragment -> d
    int enterAnim -> e
    int exitAnim -> f
    int popEnterAnim -> g
    int popExitAnim -> h
    java.util.ArrayList removed -> i
android.support.v4.app.BackStackState -> android.support.v4.app.BackStackState:
    int[] mOps -> a
    int mTransition -> b
    int mTransitionStyle -> c
    java.lang.String mName -> d
    int mIndex -> e
    int mBreadCrumbTitleRes -> f
    java.lang.CharSequence mBreadCrumbTitleText -> g
    int mBreadCrumbShortTitleRes -> h
    java.lang.CharSequence mBreadCrumbShortTitleText -> i
    android.os.Parcelable$Creator CREATOR -> CREATOR
    android.support.v4.app.BackStackRecord instantiate(android.support.v4.app.FragmentManagerImpl) -> a
    int describeContents() -> describeContents
    void writeToParcel(android.os.Parcel,int) -> writeToParcel
android.support.v4.app.BackStackState$1 -> android.support.v4.app.r:
    android.support.v4.app.BackStackState createFromParcel(android.os.Parcel) -> a
    android.support.v4.app.BackStackState[] newArray(int) -> a
    java.lang.Object[] newArray(int) -> newArray
    java.lang.Object createFromParcel(android.os.Parcel) -> createFromParcel